0 info it worked if it ends with ok
1 verbose cli [ 'C:\\Program Files\\nodejs\\node.exe',
1 verbose cli   'C:\\Program Files\\nodejs\\node_modules\\npm\\bin\\npm-cli.js',
1 verbose cli   'run',
1 verbose cli   'build' ]
2 info using npm@3.10.3
3 info using node@v6.3.1
4 verbose run-script [ 'prebuild', 'build', 'postbuild' ]
5 info lifecycle pure-canvas@0.4.0~prebuild: pure-canvas@0.4.0
6 silly lifecycle pure-canvas@0.4.0~prebuild: no script for prebuild, continuing
7 info lifecycle pure-canvas@0.4.0~build: pure-canvas@0.4.0
8 verbose lifecycle pure-canvas@0.4.0~build: unsafe-perm in lifecycle true
9 verbose lifecycle pure-canvas@0.4.0~build: PATH: C:\Program Files\nodejs\node_modules\npm\bin\node-gyp-bin;C:\Users\vanheewo\workspace\pure-canvas\node_modules\.bin;C:\Program Files\nodejs;C:\Users\vanheewo\bin;C:\Program Files\Git\mingw64\bin;C:\Program Files\Git\usr\local\bin;C:\Program Files\Git\usr\bin;C:\Program Files\Git\usr\bin;C:\Program Files\Git\mingw64\bin;C:\Program Files\Git\usr\bin;C:\Users\vanheewo\bin;C:\ProgramData\Oracle\Java\javapath;C:\Windows\system32;C:\Windows;C:\Windows\System32\Wbem;C:\Windows\System32\WindowsPowerShell\v1.0;C:\Program Files\Git\cmd;C:\Program Files\nodejs;C:\Users\vanheewo\AppData\Roaming\npm;C:\Program Files\Git\usr\bin\vendor_perl;C:\Program Files\Git\usr\bin\core_perl
10 verbose lifecycle pure-canvas@0.4.0~build: CWD: C:\Users\vanheewo\workspace\pure-canvas
11 silly lifecycle pure-canvas@0.4.0~build: Args: [ '/d /s /c', 'tsc --project tsconfig.build.json' ]
12 silly lifecycle pure-canvas@0.4.0~build: Returned: code: 2  signal: null
13 info lifecycle pure-canvas@0.4.0~build: Failed to exec build script
14 verbose stack Error: pure-canvas@0.4.0 build: `tsc --project tsconfig.build.json`
14 verbose stack Exit status 2
14 verbose stack     at EventEmitter.<anonymous> (C:\Program Files\nodejs\node_modules\npm\lib\utils\lifecycle.js:242:16)
14 verbose stack     at emitTwo (events.js:106:13)
14 verbose stack     at EventEmitter.emit (events.js:191:7)
14 verbose stack     at ChildProcess.<anonymous> (C:\Program Files\nodejs\node_modules\npm\lib\utils\spawn.js:40:14)
14 verbose stack     at emitTwo (events.js:106:13)
14 verbose stack     at ChildProcess.emit (events.js:191:7)
14 verbose stack     at maybeClose (internal/child_process.js:852:16)
14 verbose stack     at Process.ChildProcess._handle.onexit (internal/child_process.js:215:5)
15 verbose pkgid pure-canvas@0.4.0
16 verbose cwd C:\Users\vanheewo\workspace\pure-canvas
17 error Windows_NT 10.0.10586
18 error argv "C:\\Program Files\\nodejs\\node.exe" "C:\\Program Files\\nodejs\\node_modules\\npm\\bin\\npm-cli.js" "run" "build"
19 error node v6.3.1
20 error npm  v3.10.3
21 error code ELIFECYCLE
22 error pure-canvas@0.4.0 build: `tsc --project tsconfig.build.json`
22 error Exit status 2
23 error Failed at the pure-canvas@0.4.0 build script 'tsc --project tsconfig.build.json'.
23 error Make sure you have the latest version of node.js and npm installed.
23 error If you do, this is most likely a problem with the pure-canvas package,
23 error not with npm itself.
23 error Tell the author that this fails on your system:
23 error     tsc --project tsconfig.build.json
23 error You can get information on how to open an issue for this project with:
23 error     npm bugs pure-canvas
23 error Or if that isn't available, you can get their info via:
23 error     npm owner ls pure-canvas
23 error There is likely additional logging output above.
24 verbose exit [ 1, true ]
